jun. 24, 2024 5:40:05 PM com.emailattachsender.emailattach.EmailAttachmentSaverConfig start
INFO: Configurações carregadas com sucesso.
jun. 25, 2024 11:27:26 AM com.emailattachsender.emailattach.EmailAttachmentSaverConfig start
WARNING: Arquivo de configuração não encontrado. Usando valores padrão.
jun. 25, 2024 11:27:33 AM com.emailattachsender.emailattach.EmailAttachmentSaverConfig start
WARNING: Arquivo de configuração não encontrado. Usando valores padrão.
jun. 26, 2024 10:36:56 AM com.emailattachsender.emailattach.EmailAttachmentSaverConfig start
WARNING: Arquivo de configuração não encontrado. Usando valores padrão.
jun. 26, 2024 10:37:55 AM com.emailattachsender.emailattach.EmailAttachmentSaverConfig start
INFO: Configurações carregadas com sucesso.
jun. 26, 2024 10:38:06 AM com.emailattachsender.emailattach.EmailAttachmentSaverConfig runDownloader
INFO: Nenhum novo arquivo encontrado para download.
jun. 26, 2024 10:38:53 AM com.emailattachsender.emailattach.EmailAttachmentSaverConfig start
INFO: Configurações carregadas com sucesso.
jun. 26, 2024 10:39:00 AM com.emailattachsender.emailattach.EmailAttachmentSaverConfig runDownloader
INFO: Nenhum novo arquivo encontrado para download.
jun. 26, 2024 10:48:59 AM com.emailattachsender.emailattach.EmailAttachmentSaverConfig start
INFO: Configurações carregadas com sucesso.
jun. 26, 2024 10:51:51 AM com.emailattachsender.emailattach.EmailAttachmentSaverConfig start
INFO: Configurações carregadas com sucesso.
jun. 26, 2024 10:52:04 AM com.emailattachsender.emailattach.EmailAttachmentSaverConfig runDownloader
INFO: Download concluído com sucesso.
jun. 28, 2024 11:41:15 AM com.emailattachsender.emailattach.EmailAttachmentSaverConfig start
WARNING: Arquivo de configuração não encontrado. Usando valores padrão.
