Mon Jun 24 17:39:53 BRT 2024 [INFO] - Sessão de e-mail criada.
Mon Jun 24 17:39:53 BRT 2024 [INFO] - Conectando ao servidor de e-mail...
Mon Jun 24 17:39:54 BRT 2024 [INFO] - Conectado ao servidor de e-mail.
Mon Jun 24 17:39:55 BRT 2024 [INFO] - Conectado à pasta INBOX.
Mon Jun 24 17:39:55 BRT 2024 [INFO] - Total de mensagens encontradas: 4
Mon Jun 24 17:39:56 BRT 2024 [INFO] - Processando mensagem: Fwd: [GRAVIA] :: Novo Pedido de Compras #4500279834
Mon Jun 24 17:39:56 BRT 2024 [INFO] - Arquivo já baixado anteriormente: [GRAVIA] :: Novo Pedido de Compras #4500279834.pdf
Mon Jun 24 17:39:56 BRT 2024 [INFO] - Processando mensagem: Fwd: [GRAVIA] :: Novo Pedido de Compras #4500279834
Mon Jun 24 17:39:57 BRT 2024 [INFO] - Arquivo já baixado anteriormente: [GRAVIA] :: Novo Pedido de Compras #4500279834.pdf
Mon Jun 24 17:39:57 BRT 2024 [INFO] - Processando mensagem: Fwd: [GRAVIA] :: Novo Pedido de Compras #4500279835
Mon Jun 24 17:39:57 BRT 2024 [INFO] - Arquivo já baixado anteriormente: [GRAVIA] :: Novo Pedido de Compras #4500279834.pdf
Mon Jun 24 17:39:57 BRT 2024 [INFO] - Processando mensagem: [GRAVIA] :: Novo Pedido de Compras #4500279835
Mon Jun 24 17:39:58 BRT 2024 [INFO] - Arquivo já baixado anteriormente: [GRAVIA] __ Novo Pedido de Compras #4500279835.pdf
Mon Jun 24 17:39:58 BRT 2024 [INFO] - Conexão fechada.
Mon Jun 24 17:39:58 BRT 2024 [INFO] - Nenhum novo arquivo encontrado para download.
Wed Jun 26 10:37:58 BRT 2024 [INFO] - Sessão de e-mail criada.
Wed Jun 26 10:37:58 BRT 2024 [INFO] - Conectando ao servidor de e-mail...
Wed Jun 26 10:38:00 BRT 2024 [INFO] - Conectado ao servidor de e-mail.
Wed Jun 26 10:38:01 BRT 2024 [INFO] - Conectado à pasta INBOX.
Wed Jun 26 10:38:01 BRT 2024 [INFO] - Total de mensagens encontradas: 4
Wed Jun 26 10:38:01 BRT 2024 [INFO] - Processando mensagem: Fwd: [GRAVIA] :: Novo Pedido de Compras #4500279834
Wed Jun 26 10:38:02 BRT 2024 [INFO] - Arquivo já baixado anteriormente: [GRAVIA] :: Novo Pedido de Compras #4500279834.pdf
Wed Jun 26 10:38:02 BRT 2024 [INFO] - Processando mensagem: Fwd: [GRAVIA] :: Novo Pedido de Compras #4500279834
Wed Jun 26 10:38:03 BRT 2024 [INFO] - Arquivo já baixado anteriormente: [GRAVIA] :: Novo Pedido de Compras #4500279834.pdf
Wed Jun 26 10:38:03 BRT 2024 [INFO] - Processando mensagem: Fwd: [GRAVIA] :: Novo Pedido de Compras #4500279835
Wed Jun 26 10:38:03 BRT 2024 [INFO] - Arquivo já baixado anteriormente: [GRAVIA] :: Novo Pedido de Compras #4500279834.pdf
Wed Jun 26 10:38:03 BRT 2024 [INFO] - Processando mensagem: [GRAVIA] :: Novo Pedido de Compras #4500279835
Wed Jun 26 10:38:04 BRT 2024 [INFO] - Arquivo já baixado anteriormente: [GRAVIA] __ Novo Pedido de Compras #4500279835.pdf
Wed Jun 26 10:38:04 BRT 2024 [INFO] - Conexão fechada.
Wed Jun 26 10:38:04 BRT 2024 [INFO] - Nenhum novo arquivo encontrado para download.
Wed Jun 26 10:38:55 BRT 2024 [INFO] - Diretório de destino criado: C:\Users\Administrator.IISWC8\Desktop\Email_Extractor\pdfsaver
Wed Jun 26 10:38:55 BRT 2024 [INFO] - Sessão de e-mail criada.
Wed Jun 26 10:38:55 BRT 2024 [INFO] - Conectando ao servidor de e-mail...
Wed Jun 26 10:38:57 BRT 2024 [INFO] - Conectado ao servidor de e-mail.
Wed Jun 26 10:38:57 BRT 2024 [INFO] - Conectado à pasta INBOX.
Wed Jun 26 10:38:58 BRT 2024 [INFO] - Total de mensagens encontradas: 1
Wed Jun 26 10:38:58 BRT 2024 [INFO] - Processando mensagem: [GRAVIA] :: Novo Pedido de Compras #4500280794
Wed Jun 26 10:38:59 BRT 2024 [INFO] - Conexão fechada.
Wed Jun 26 10:38:59 BRT 2024 [INFO] - Nenhum novo arquivo encontrado para download.
Wed Jun 26 10:46:47 BRT 2024 [INFO] - Sessão de e-mail criada.
Wed Jun 26 10:46:47 BRT 2024 [INFO] - Conectando ao servidor de e-mail...
Wed Jun 26 10:46:49 BRT 2024 [INFO] - Conectado ao servidor de e-mail.
Wed Jun 26 10:46:49 BRT 2024 [INFO] - Conectado à pasta INBOX.
Wed Jun 26 10:46:49 BRT 2024 [INFO] - Total de mensagens encontradas: 1
Wed Jun 26 10:46:50 BRT 2024 [INFO] - Processando mensagem: [GRAVIA] :: Novo Pedido de Compras #4500280794
Wed Jun 26 10:46:50 BRT 2024 [INFO] - Conexão fechada.
Wed Jun 26 10:46:50 BRT 2024 [INFO] - Nenhum novo arquivo encontrado para download.
Wed Jun 26 10:49:03 BRT 2024 [INFO] - Sessão de e-mail criada.
Wed Jun 26 10:49:03 BRT 2024 [INFO] - Conectando ao servidor de e-mail...
Wed Jun 26 10:49:05 BRT 2024 [INFO] - Conectado ao servidor de e-mail.
Wed Jun 26 10:49:05 BRT 2024 [INFO] - Conectado à pasta INBOX.
Wed Jun 26 10:49:06 BRT 2024 [INFO] - Total de mensagens encontradas: 1
Wed Jun 26 10:49:06 BRT 2024 [INFO] - Processando mensagem: [GRAVIA] :: Novo Pedido de Compras #4500280794
Wed Jun 26 10:49:06 BRT 2024 [INFO] - Mensagem ignorada. Tipo MIME: APPLICATION/PDF; 
	name="[GRAVIA] :: Novo Pedido de Compras #4500280794.pdf"
Wed Jun 26 10:49:07 BRT 2024 [INFO] - Conexão fechada.
Wed Jun 26 10:49:07 BRT 2024 [INFO] - Nenhum novo arquivo encontrado para download.
Wed Jun 26 10:51:58 BRT 2024 [INFO] - Sessão de e-mail criada.
Wed Jun 26 10:51:58 BRT 2024 [INFO] - Conectando ao servidor de e-mail...
Wed Jun 26 10:51:59 BRT 2024 [INFO] - Conectado ao servidor de e-mail.
Wed Jun 26 10:52:00 BRT 2024 [INFO] - Conectado à pasta INBOX.
Wed Jun 26 10:52:00 BRT 2024 [INFO] - Total de mensagens encontradas: 1
Wed Jun 26 10:52:00 BRT 2024 [INFO] - Processando mensagem: [GRAVIA] :: Novo Pedido de Compras #4500280794
Wed Jun 26 10:52:01 BRT 2024 [INFO] - Verificando se o arquivo já foi baixado. FileId: 4500280794
Wed Jun 26 10:52:01 BRT 2024 [INFO] - Salvando anexo: [GRAVIA] :: Novo Pedido de Compras #4500280794.pdf
Wed Jun 26 10:52:01 BRT 2024 [INFO] - Salvo: C:\Users\Administrator.IISWC8\Desktop\Email_Extractor\pdfsaver\[GRAVIA] __ Novo Pedido de Compras #4500280794.pdf
Wed Jun 26 10:52:01 BRT 2024 [INFO] - Registrando anexo no banco de dados. FileId: 4500280794
Wed Jun 26 10:52:02 BRT 2024 [INFO] - Conexão fechada.
